[debug] [2026-04-26T08:20:04.165Z] ----------------------------------------------------------------------
[debug] [2026-04-26T08:20:04.168Z] Command:       C:\Program Files\nodejs\node.exe C:\Users\vinay\AppData\Roaming\npm\node_modules\firebase-tools\lib\bin\firebase.js init
[debug] [2026-04-26T08:20:04.168Z] CLI Version:   15.15.0
[debug] [2026-04-26T08:20:04.168Z] Platform:      win32
[debug] [2026-04-26T08:20:04.168Z] Node Version:  v22.14.0
[debug] [2026-04-26T08:20:04.169Z] Time:          Sun Apr 26 2026 13:50:04 GMT+0530 (India Standard Time)
[debug] [2026-04-26T08:20:04.169Z] ----------------------------------------------------------------------
[debug] 
[info] 
     ######## #### ########  ######## ########     ###     ######  ########
     ##        ##  ##     ## ##       ##     ##  ##   ##  ##       ##
     ######    ##  ########  ######   ########  #########  ######  ######
     ##        ##  ##    ##  ##       ##     ## ##     ##       ## ##
     ##       #### ##     ## ######## ########  ##     ##  ######  ########

You're about to initialize a Firebase project in this directory:

  X:\AndroidStudioProjects\GramaVaxi\grama-vaxi-admin

[debug] [2026-04-26T08:21:05.382Z] ExitPromptError: User force closed the prompt with SIGINT
    at Interface.sigint (C:\Users\vinay\AppData\Roaming\npm\node_modules\firebase-tools\node_modules\@inquirer\core\dist\commonjs\lib\create-prompt.js:101:37)
    at Interface.emit (node:events:518:28)
    at [_ttyWrite] [as _ttyWrite] (node:internal/readline/interface:1124:18)
    at ReadStream.onkeypress (node:internal/readline/interface:263:20)
    at ReadStream.emit (node:events:530:35)
    at emitKeys (node:internal/readline/utils:370:14)
    at emitKeys.next (<anonymous>)
    at ReadStream.onData (node:internal/readline/emitKeypressEvents:64:36)
    at ReadStream.emit (node:events:518:28)
    at addChunk (node:internal/streams/readable:561:12)
[error] 
[error] Error: An unexpected error has occurred.
