[debug] [2026-05-04T10:44:55.457Z] [Firebase Plugin] Activating Firebase extension.
[info] [Firebase Plugin] Checked firebase-tools, is up to date!
[debug] [2026-05-04T10:44:58.607Z] [Firebase Plugin] requireAuthWrapper
[debug] [2026-05-04T10:44:58.610Z] > command requires scopes: ["email","openid","https://www.googleapis.com/auth/cloudplatformprojects.readonly","https://www.googleapis.com/auth/firebase","https://www.googleapis.com/auth/cloud-platform"]
[debug] [2026-05-04T10:44:58.610Z] > authorizing via signed-in user (vinayakawac@gmail.com)
[debug] [2026-05-04T10:44:58.616Z] Checked if tokens are valid: false, expires at: 1777889206677
[debug] [2026-05-04T10:44:58.616Z] Checked if tokens are valid: false, expires at: 1777889206677
[debug] [2026-05-04T10:44:58.617Z] > refreshing access token with scopes: []
[debug] [2026-05-04T10:44:58.619Z] >>> [apiv2][query] POST https://www.googleapis.com/oauth2/v3/token [none]
[debug] [2026-05-04T10:44:58.620Z] >>> [apiv2][body] POST https://www.googleapis.com/oauth2/v3/token [omitted]
[debug] [2026-05-04T10:44:58.634Z] [Firebase Plugin] VSCode notification server listening on port 40001
[info] [Firebase Plugin] Starting SQL Connect toolkit (version 3.4.5) on port 50001
[debug] [2026-05-04T10:44:59.089Z] 'fdc build' failed with error: Unable to build your SQL Connect schema and connectors (exit code 1): E0504 16:14:59.072810   32736 cmd.go:43] Error loading data connect config: could not find dataconnect.yaml in `x:\AndroidStudioProjects\GramaVaxi\dataconnect`
 {"metadata":{"emulator":{"name":"dataconnect"},"message":"'fdc build' failed with error: Unable to build your SQL Connect schema and connectors (exit code 1): E0504 16:14:59.072810   32736 cmd.go:43] Error loading data connect config: could not find dataconnect.yaml in `x:\\AndroidStudioProjects\\GramaVaxi\\dataconnect`\n"}}
[debug] [2026-05-04T10:44:59.090Z] Ignoring unsupported arg: auto_download {"metadata":{"emulator":{"name":"dataconnect"},"message":"Ignoring unsupported arg: auto_download"}}
[debug] [2026-05-04T10:44:59.090Z] Ignoring unsupported arg: port {"metadata":{"emulator":{"name":"dataconnect"},"message":"Ignoring unsupported arg: port"}}
[debug] [2026-05-04T10:44:59.091Z] Starting SQL Connect Emulator with command {"binary":"C:\\Users\\vinay\\.cache\\firebase\\emulators\\dataconnect-emulator-3.4.5.exe","args":["--logtostderr","-v=2","dev","--listen=localhost:50001","--config_dir=x:\\AndroidStudioProjects\\GramaVaxi\\dataconnect","--enable_output_schema_extensions=true","--enable_output_generated_sdk=true"],"optionalArgs":["listen","config_dir","enable_output_schema_extensions","enable_output_generated_sdk"],"joinArgs":true,"shell":false,"port":9399} {"metadata":{"emulator":{"name":"dataconnect"},"message":"Starting SQL Connect Emulator with command {\"binary\":\"C:\\\\Users\\\\vinay\\\\.cache\\\\firebase\\\\emulators\\\\dataconnect-emulator-3.4.5.exe\",\"args\":[\"--logtostderr\",\"-v=2\",\"dev\",\"--listen=localhost:50001\",\"--config_dir=x:\\\\AndroidStudioProjects\\\\GramaVaxi\\\\dataconnect\",\"--enable_output_schema_extensions=true\",\"--enable_output_generated_sdk=true\"],\"optionalArgs\":[\"listen\",\"config_dir\",\"enable_output_schema_extensions\",\"enable_output_generated_sdk\"],\"joinArgs\":true,\"shell\":false,\"port\":9399}"}}
[info] i  dataconnect: SQL Connect Emulator logging to dataconnect-debug.log {"metadata":{"emulator":{"name":"dataconnect"},"message":"SQL Connect Emulator logging to \u001b[1mdataconnect-debug.log\u001b[22m"}}
[debug] [2026-05-04T10:44:59.120Z] <<< [apiv2][status] POST https://www.googleapis.com/oauth2/v3/token 200
[debug] [2026-05-04T10:44:59.120Z] <<< [apiv2][body] POST https://www.googleapis.com/oauth2/v3/token [omitted]
[debug] [2026-05-04T10:44:59.158Z] [Firebase Plugin] User found:  vinayakawac@gmail.com
[info] [Firebase Plugin] (Core:Project) New user detected, fetching projects
[debug] [2026-05-04T10:44:59.159Z] Checked if tokens are valid: true, expires at: 1777895098121
[debug] [2026-05-04T10:44:59.160Z] >>> [apiv2][query] GET https://firebase.googleapis.com/v1beta1/projects pageSize=1000
[debug] [2026-05-04T10:44:59.162Z] E0504 16:14:59.135354   41444 dev.go:83] Failed to load initial config from "x:\\AndroidStudioProjects\\GramaVaxi\\dataconnect": could not find dataconnect.yaml in `x:\AndroidStudioProjects\GramaVaxi\dataconnect`
E0504 16:14:59.136437   41444 watch.go:116] watchAllDir unable to walk dir `x:\AndroidStudioProjects\GramaVaxi\dataconnect`: GetFileAttributesEx x:\AndroidStudioProjects\GramaVaxi\dataconnect: The system cannot find the file specified.
I0504 16:14:59.152407   41444 dev.go:104] Listening on address (HTTP + gRPC): 127.0.0.1:50001
 {"metadata":{"emulator":{"name":"dataconnect"},"message":"E0504 16:14:59.135354   41444 dev.go:83] Failed to load initial config from \"x:\\\\AndroidStudioProjects\\\\GramaVaxi\\\\dataconnect\": could not find dataconnect.yaml in `x:\\AndroidStudioProjects\\GramaVaxi\\dataconnect`\nE0504 16:14:59.136437   41444 watch.go:116] watchAllDir unable to walk dir `x:\\AndroidStudioProjects\\GramaVaxi\\dataconnect`: GetFileAttributesEx x:\\AndroidStudioProjects\\GramaVaxi\\dataconnect: The system cannot find the file specified.\nI0504 16:14:59.152407   41444 dev.go:104] Listening on address (HTTP + gRPC): 127.0.0.1:50001\n"}}
[error] [Firebase Plugin] error:  {}
[debug] [2026-05-04T10:44:59.801Z] <<< [apiv2][status] GET https://firebase.googleapis.com/v1beta1/projects 200
[debug] [2026-05-04T10:44:59.802Z] <<< [apiv2][body] GET https://firebase.googleapis.com/v1beta1/projects [omitted]
[debug] [2026-05-04T10:45:09.138Z] E0504 16:15:09.137971   41444 watch.go:40] Failed to load config from "x:\\AndroidStudioProjects\\GramaVaxi\\dataconnect": could not find dataconnect.yaml in `x:\AndroidStudioProjects\GramaVaxi\dataconnect`
 {"metadata":{"emulator":{"name":"dataconnect"},"message":"E0504 16:15:09.137971   41444 watch.go:40] Failed to load config from \"x:\\\\AndroidStudioProjects\\\\GramaVaxi\\\\dataconnect\": could not find dataconnect.yaml in `x:\\AndroidStudioProjects\\GramaVaxi\\dataconnect`\n"}}
[debug] [2026-05-04T10:45:19.138Z] E0504 16:15:19.138031   41444 watch.go:40] Failed to load config from "x:\\AndroidStudioProjects\\GramaVaxi\\dataconnect": could not find dataconnect.yaml in `x:\AndroidStudioProjects\GramaVaxi\dataconnect`
 {"metadata":{"emulator":{"name":"dataconnect"},"message":"E0504 16:15:19.138031   41444 watch.go:40] Failed to load config from \"x:\\\\AndroidStudioProjects\\\\GramaVaxi\\\\dataconnect\": could not find dataconnect.yaml in `x:\\AndroidStudioProjects\\GramaVaxi\\dataconnect`\n"}}
[debug] [2026-05-04T10:45:29.140Z] E0504 16:15:29.138864   41444 watch.go:40] Failed to load config from "x:\\AndroidStudioProjects\\GramaVaxi\\dataconnect": could not find dataconnect.yaml in `x:\AndroidStudioProjects\GramaVaxi\dataconnect`
 {"metadata":{"emulator":{"name":"dataconnect"},"message":"E0504 16:15:29.138864   41444 watch.go:40] Failed to load config from \"x:\\\\AndroidStudioProjects\\\\GramaVaxi\\\\dataconnect\": could not find dataconnect.yaml in `x:\\AndroidStudioProjects\\GramaVaxi\\dataconnect`\n"}}
[debug] [2026-05-04T10:45:39.140Z] E0504 16:15:39.137744   41444 watch.go:40] Failed to load config from "x:\\AndroidStudioProjects\\GramaVaxi\\dataconnect": could not find dataconnect.yaml in `x:\AndroidStudioProjects\GramaVaxi\dataconnect`
 {"metadata":{"emulator":{"name":"dataconnect"},"message":"E0504 16:15:39.137744   41444 watch.go:40] Failed to load config from \"x:\\\\AndroidStudioProjects\\\\GramaVaxi\\\\dataconnect\": could not find dataconnect.yaml in `x:\\AndroidStudioProjects\\GramaVaxi\\dataconnect`\n"}}
[debug] [2026-05-04T10:45:49.143Z] E0504 16:15:49.138515   41444 watch.go:40] Failed to load config from "x:\\AndroidStudioProjects\\GramaVaxi\\dataconnect": could not find dataconnect.yaml in `x:\AndroidStudioProjects\GramaVaxi\dataconnect`
 {"metadata":{"emulator":{"name":"dataconnect"},"message":"E0504 16:15:49.138515   41444 watch.go:40] Failed to load config from \"x:\\\\AndroidStudioProjects\\\\GramaVaxi\\\\dataconnect\": could not find dataconnect.yaml in `x:\\AndroidStudioProjects\\GramaVaxi\\dataconnect`\n"}}
[debug] [2026-05-04T10:45:59.141Z] E0504 16:15:59.138876   41444 watch.go:116] watchAllDir unable to walk dir `x:\AndroidStudioProjects\GramaVaxi\dataconnect`: GetFileAttributesEx x:\AndroidStudioProjects\GramaVaxi\dataconnect: The system cannot find the file specified.
 {"metadata":{"emulator":{"name":"dataconnect"},"message":"E0504 16:15:59.138876   41444 watch.go:116] watchAllDir unable to walk dir `x:\\AndroidStudioProjects\\GramaVaxi\\dataconnect`: GetFileAttributesEx x:\\AndroidStudioProjects\\GramaVaxi\\dataconnect: The system cannot find the file specified.\n"}}
[debug] [2026-05-04T10:45:59.143Z] E0504 16:15:59.142609   41444 watch.go:40] Failed to load config from "x:\\AndroidStudioProjects\\GramaVaxi\\dataconnect": could not find dataconnect.yaml in `x:\AndroidStudioProjects\GramaVaxi\dataconnect`
 {"metadata":{"emulator":{"name":"dataconnect"},"message":"E0504 16:15:59.142609   41444 watch.go:40] Failed to load config from \"x:\\\\AndroidStudioProjects\\\\GramaVaxi\\\\dataconnect\": could not find dataconnect.yaml in `x:\\AndroidStudioProjects\\GramaVaxi\\dataconnect`\n"}}
[debug] [2026-05-04T10:46:09.189Z] E0504 16:16:09.183099   41444 watch.go:40] Failed to load config from "x:\\AndroidStudioProjects\\GramaVaxi\\dataconnect": could not find dataconnect.yaml in `x:\AndroidStudioProjects\GramaVaxi\dataconnect`
 {"metadata":{"emulator":{"name":"dataconnect"},"message":"E0504 16:16:09.183099   41444 watch.go:40] Failed to load config from \"x:\\\\AndroidStudioProjects\\\\GramaVaxi\\\\dataconnect\": could not find dataconnect.yaml in `x:\\AndroidStudioProjects\\GramaVaxi\\dataconnect`\n"}}
[debug] [2026-05-04T10:46:19.140Z] E0504 16:16:19.140437   41444 watch.go:40] Failed to load config from "x:\\AndroidStudioProjects\\GramaVaxi\\dataconnect": could not find dataconnect.yaml in `x:\AndroidStudioProjects\GramaVaxi\dataconnect`
 {"metadata":{"emulator":{"name":"dataconnect"},"message":"E0504 16:16:19.140437   41444 watch.go:40] Failed to load config from \"x:\\\\AndroidStudioProjects\\\\GramaVaxi\\\\dataconnect\": could not find dataconnect.yaml in `x:\\AndroidStudioProjects\\GramaVaxi\\dataconnect`\n"}}
[debug] [2026-05-04T10:46:29.138Z] E0504 16:16:29.138720   41444 watch.go:40] Failed to load config from "x:\\AndroidStudioProjects\\GramaVaxi\\dataconnect": could not find dataconnect.yaml in `x:\AndroidStudioProjects\GramaVaxi\dataconnect`
 {"metadata":{"emulator":{"name":"dataconnect"},"message":"E0504 16:16:29.138720   41444 watch.go:40] Failed to load config from \"x:\\\\AndroidStudioProjects\\\\GramaVaxi\\\\dataconnect\": could not find dataconnect.yaml in `x:\\AndroidStudioProjects\\GramaVaxi\\dataconnect`\n"}}
[debug] [2026-05-04T10:46:39.139Z] E0504 16:16:39.138317   41444 watch.go:40] Failed to load config from "x:\\AndroidStudioProjects\\GramaVaxi\\dataconnect": could not find dataconnect.yaml in `x:\AndroidStudioProjects\GramaVaxi\dataconnect`
 {"metadata":{"emulator":{"name":"dataconnect"},"message":"E0504 16:16:39.138317   41444 watch.go:40] Failed to load config from \"x:\\\\AndroidStudioProjects\\\\GramaVaxi\\\\dataconnect\": could not find dataconnect.yaml in `x:\\AndroidStudioProjects\\GramaVaxi\\dataconnect`\n"}}
[debug] [2026-05-04T10:46:49.137Z] E0504 16:16:49.138048   41444 watch.go:40] Failed to load config from "x:\\AndroidStudioProjects\\GramaVaxi\\dataconnect": could not find dataconnect.yaml in `x:\AndroidStudioProjects\GramaVaxi\dataconnect`
 {"metadata":{"emulator":{"name":"dataconnect"},"message":"E0504 16:16:49.138048   41444 watch.go:40] Failed to load config from \"x:\\\\AndroidStudioProjects\\\\GramaVaxi\\\\dataconnect\": could not find dataconnect.yaml in `x:\\AndroidStudioProjects\\GramaVaxi\\dataconnect`\n"}}
[debug] [2026-05-04T10:46:59.141Z] E0504 16:16:59.141401   41444 watch.go:40] Failed to load config from "x:\\AndroidStudioProjects\\GramaVaxi\\dataconnect": could not find dataconnect.yaml in `x:\AndroidStudioProjects\GramaVaxi\dataconnect`
 {"metadata":{"emulator":{"name":"dataconnect"},"message":"E0504 16:16:59.141401   41444 watch.go:40] Failed to load config from \"x:\\\\AndroidStudioProjects\\\\GramaVaxi\\\\dataconnect\": could not find dataconnect.yaml in `x:\\AndroidStudioProjects\\GramaVaxi\\dataconnect`\n"}}
[debug] [2026-05-04T10:46:59.165Z] E0504 16:16:59.139832   41444 watch.go:116] watchAllDir unable to walk dir `x:\AndroidStudioProjects\GramaVaxi\dataconnect`: GetFileAttributesEx x:\AndroidStudioProjects\GramaVaxi\dataconnect: The system cannot find the file specified.
 {"metadata":{"emulator":{"name":"dataconnect"},"message":"E0504 16:16:59.139832   41444 watch.go:116] watchAllDir unable to walk dir `x:\\AndroidStudioProjects\\GramaVaxi\\dataconnect`: GetFileAttributesEx x:\\AndroidStudioProjects\\GramaVaxi\\dataconnect: The system cannot find the file specified.\n"}}
[debug] [2026-05-04T10:47:09.141Z] E0504 16:17:09.141914   41444 watch.go:40] Failed to load config from "x:\\AndroidStudioProjects\\GramaVaxi\\dataconnect": could not find dataconnect.yaml in `x:\AndroidStudioProjects\GramaVaxi\dataconnect`
 {"metadata":{"emulator":{"name":"dataconnect"},"message":"E0504 16:17:09.141914   41444 watch.go:40] Failed to load config from \"x:\\\\AndroidStudioProjects\\\\GramaVaxi\\\\dataconnect\": could not find dataconnect.yaml in `x:\\AndroidStudioProjects\\GramaVaxi\\dataconnect`\n"}}
[debug] [2026-05-04T10:47:19.139Z] E0504 16:17:19.137758   41444 watch.go:40] Failed to load config from "x:\\AndroidStudioProjects\\GramaVaxi\\dataconnect": could not find dataconnect.yaml in `x:\AndroidStudioProjects\GramaVaxi\dataconnect`
 {"metadata":{"emulator":{"name":"dataconnect"},"message":"E0504 16:17:19.137758   41444 watch.go:40] Failed to load config from \"x:\\\\AndroidStudioProjects\\\\GramaVaxi\\\\dataconnect\": could not find dataconnect.yaml in `x:\\AndroidStudioProjects\\GramaVaxi\\dataconnect`\n"}}
[debug] [2026-05-04T10:47:29.138Z] E0504 16:17:29.137904   41444 watch.go:40] Failed to load config from "x:\\AndroidStudioProjects\\GramaVaxi\\dataconnect": could not find dataconnect.yaml in `x:\AndroidStudioProjects\GramaVaxi\dataconnect`
 {"metadata":{"emulator":{"name":"dataconnect"},"message":"E0504 16:17:29.137904   41444 watch.go:40] Failed to load config from \"x:\\\\AndroidStudioProjects\\\\GramaVaxi\\\\dataconnect\": could not find dataconnect.yaml in `x:\\AndroidStudioProjects\\GramaVaxi\\dataconnect`\n"}}
[debug] [2026-05-04T10:47:39.138Z] E0504 16:17:39.138060   41444 watch.go:40] Failed to load config from "x:\\AndroidStudioProjects\\GramaVaxi\\dataconnect": could not find dataconnect.yaml in `x:\AndroidStudioProjects\GramaVaxi\dataconnect`
 {"metadata":{"emulator":{"name":"dataconnect"},"message":"E0504 16:17:39.138060   41444 watch.go:40] Failed to load config from \"x:\\\\AndroidStudioProjects\\\\GramaVaxi\\\\dataconnect\": could not find dataconnect.yaml in `x:\\AndroidStudioProjects\\GramaVaxi\\dataconnect`\n"}}
[debug] [2026-05-04T10:47:49.210Z] E0504 16:17:49.210755   41444 watch.go:40] Failed to load config from "x:\\AndroidStudioProjects\\GramaVaxi\\dataconnect": could not find dataconnect.yaml in `x:\AndroidStudioProjects\GramaVaxi\dataconnect`
 {"metadata":{"emulator":{"name":"dataconnect"},"message":"E0504 16:17:49.210755   41444 watch.go:40] Failed to load config from \"x:\\\\AndroidStudioProjects\\\\GramaVaxi\\\\dataconnect\": could not find dataconnect.yaml in `x:\\AndroidStudioProjects\\GramaVaxi\\dataconnect`\n"}}
[debug] [2026-05-04T10:47:59.141Z] E0504 16:17:59.139223   41444 watch.go:116] watchAllDir unable to walk dir `x:\AndroidStudioProjects\GramaVaxi\dataconnect`: GetFileAttributesEx x:\AndroidStudioProjects\GramaVaxi\dataconnect: The system cannot find the file specified.
 {"metadata":{"emulator":{"name":"dataconnect"},"message":"E0504 16:17:59.139223   41444 watch.go:116] watchAllDir unable to walk dir `x:\\AndroidStudioProjects\\GramaVaxi\\dataconnect`: GetFileAttributesEx x:\\AndroidStudioProjects\\GramaVaxi\\dataconnect: The system cannot find the file specified.\n"}}
[debug] [2026-05-04T10:47:59.150Z] E0504 16:17:59.142454   41444 watch.go:40] Failed to load config from "x:\\AndroidStudioProjects\\GramaVaxi\\dataconnect": could not find dataconnect.yaml in `x:\AndroidStudioProjects\GramaVaxi\dataconnect`
 {"metadata":{"emulator":{"name":"dataconnect"},"message":"E0504 16:17:59.142454   41444 watch.go:40] Failed to load config from \"x:\\\\AndroidStudioProjects\\\\GramaVaxi\\\\dataconnect\": could not find dataconnect.yaml in `x:\\AndroidStudioProjects\\GramaVaxi\\dataconnect`\n"}}
[debug] [2026-05-04T10:48:09.137Z] E0504 16:18:09.137888   41444 watch.go:40] Failed to load config from "x:\\AndroidStudioProjects\\GramaVaxi\\dataconnect": could not find dataconnect.yaml in `x:\AndroidStudioProjects\GramaVaxi\dataconnect`
 {"metadata":{"emulator":{"name":"dataconnect"},"message":"E0504 16:18:09.137888   41444 watch.go:40] Failed to load config from \"x:\\\\AndroidStudioProjects\\\\GramaVaxi\\\\dataconnect\": could not find dataconnect.yaml in `x:\\AndroidStudioProjects\\GramaVaxi\\dataconnect`\n"}}
[debug] [2026-05-04T10:48:19.138Z] E0504 16:18:19.137704   41444 watch.go:40] Failed to load config from "x:\\AndroidStudioProjects\\GramaVaxi\\dataconnect": could not find dataconnect.yaml in `x:\AndroidStudioProjects\GramaVaxi\dataconnect`
 {"metadata":{"emulator":{"name":"dataconnect"},"message":"E0504 16:18:19.137704   41444 watch.go:40] Failed to load config from \"x:\\\\AndroidStudioProjects\\\\GramaVaxi\\\\dataconnect\": could not find dataconnect.yaml in `x:\\AndroidStudioProjects\\GramaVaxi\\dataconnect`\n"}}
[debug] [2026-05-04T10:48:29.141Z] E0504 16:18:29.138015   41444 watch.go:40] Failed to load config from "x:\\AndroidStudioProjects\\GramaVaxi\\dataconnect": could not find dataconnect.yaml in `x:\AndroidStudioProjects\GramaVaxi\dataconnect`
 {"metadata":{"emulator":{"name":"dataconnect"},"message":"E0504 16:18:29.138015   41444 watch.go:40] Failed to load config from \"x:\\\\AndroidStudioProjects\\\\GramaVaxi\\\\dataconnect\": could not find dataconnect.yaml in `x:\\AndroidStudioProjects\\GramaVaxi\\dataconnect`\n"}}
[debug] [2026-05-04T10:48:39.137Z] E0504 16:18:39.137772   41444 watch.go:40] Failed to load config from "x:\\AndroidStudioProjects\\GramaVaxi\\dataconnect": could not find dataconnect.yaml in `x:\AndroidStudioProjects\GramaVaxi\dataconnect`
 {"metadata":{"emulator":{"name":"dataconnect"},"message":"E0504 16:18:39.137772   41444 watch.go:40] Failed to load config from \"x:\\\\AndroidStudioProjects\\\\GramaVaxi\\\\dataconnect\": could not find dataconnect.yaml in `x:\\AndroidStudioProjects\\GramaVaxi\\dataconnect`\n"}}
[debug] [2026-05-04T10:48:49.138Z] E0504 16:18:49.137914   41444 watch.go:40] Failed to load config from "x:\\AndroidStudioProjects\\GramaVaxi\\dataconnect": could not find dataconnect.yaml in `x:\AndroidStudioProjects\GramaVaxi\dataconnect`
 {"metadata":{"emulator":{"name":"dataconnect"},"message":"E0504 16:18:49.137914   41444 watch.go:40] Failed to load config from \"x:\\\\AndroidStudioProjects\\\\GramaVaxi\\\\dataconnect\": could not find dataconnect.yaml in `x:\\AndroidStudioProjects\\GramaVaxi\\dataconnect`\n"}}
[debug] [2026-05-04T10:48:59.138Z] E0504 16:18:59.137691   41444 watch.go:40] Failed to load config from "x:\\AndroidStudioProjects\\GramaVaxi\\dataconnect": could not find dataconnect.yaml in `x:\AndroidStudioProjects\GramaVaxi\dataconnect`
 {"metadata":{"emulator":{"name":"dataconnect"},"message":"E0504 16:18:59.137691   41444 watch.go:40] Failed to load config from \"x:\\\\AndroidStudioProjects\\\\GramaVaxi\\\\dataconnect\": could not find dataconnect.yaml in `x:\\AndroidStudioProjects\\GramaVaxi\\dataconnect`\n"}}
[debug] [2026-05-04T10:48:59.140Z] E0504 16:18:59.137691   41444 watch.go:116] watchAllDir unable to walk dir `x:\AndroidStudioProjects\GramaVaxi\dataconnect`: GetFileAttributesEx x:\AndroidStudioProjects\GramaVaxi\dataconnect: The system cannot find the file specified.
 {"metadata":{"emulator":{"name":"dataconnect"},"message":"E0504 16:18:59.137691   41444 watch.go:116] watchAllDir unable to walk dir `x:\\AndroidStudioProjects\\GramaVaxi\\dataconnect`: GetFileAttributesEx x:\\AndroidStudioProjects\\GramaVaxi\\dataconnect: The system cannot find the file specified.\n"}}
[debug] [2026-05-04T10:49:09.139Z] E0504 16:19:09.139088   41444 watch.go:40] Failed to load config from "x:\\AndroidStudioProjects\\GramaVaxi\\dataconnect": could not find dataconnect.yaml in `x:\AndroidStudioProjects\GramaVaxi\dataconnect`
 {"metadata":{"emulator":{"name":"dataconnect"},"message":"E0504 16:19:09.139088   41444 watch.go:40] Failed to load config from \"x:\\\\AndroidStudioProjects\\\\GramaVaxi\\\\dataconnect\": could not find dataconnect.yaml in `x:\\AndroidStudioProjects\\GramaVaxi\\dataconnect`\n"}}
[debug] [2026-05-04T10:49:19.139Z] E0504 16:19:19.139075   41444 watch.go:40] Failed to load config from "x:\\AndroidStudioProjects\\GramaVaxi\\dataconnect": could not find dataconnect.yaml in `x:\AndroidStudioProjects\GramaVaxi\dataconnect`
 {"metadata":{"emulator":{"name":"dataconnect"},"message":"E0504 16:19:19.139075   41444 watch.go:40] Failed to load config from \"x:\\\\AndroidStudioProjects\\\\GramaVaxi\\\\dataconnect\": could not find dataconnect.yaml in `x:\\AndroidStudioProjects\\GramaVaxi\\dataconnect`\n"}}
[debug] [2026-05-04T10:49:29.139Z] E0504 16:19:29.138672   41444 watch.go:40] Failed to load config from "x:\\AndroidStudioProjects\\GramaVaxi\\dataconnect": could not find dataconnect.yaml in `x:\AndroidStudioProjects\GramaVaxi\dataconnect`
 {"metadata":{"emulator":{"name":"dataconnect"},"message":"E0504 16:19:29.138672   41444 watch.go:40] Failed to load config from \"x:\\\\AndroidStudioProjects\\\\GramaVaxi\\\\dataconnect\": could not find dataconnect.yaml in `x:\\AndroidStudioProjects\\GramaVaxi\\dataconnect`\n"}}
[debug] [2026-05-04T10:49:39.140Z] E0504 16:19:39.137688   41444 watch.go:40] Failed to load config from "x:\\AndroidStudioProjects\\GramaVaxi\\dataconnect": could not find dataconnect.yaml in `x:\AndroidStudioProjects\GramaVaxi\dataconnect`
 {"metadata":{"emulator":{"name":"dataconnect"},"message":"E0504 16:19:39.137688   41444 watch.go:40] Failed to load config from \"x:\\\\AndroidStudioProjects\\\\GramaVaxi\\\\dataconnect\": could not find dataconnect.yaml in `x:\\AndroidStudioProjects\\GramaVaxi\\dataconnect`\n"}}
[debug] [2026-05-04T10:49:49.138Z] E0504 16:19:49.137682   41444 watch.go:40] Failed to load config from "x:\\AndroidStudioProjects\\GramaVaxi\\dataconnect": could not find dataconnect.yaml in `x:\AndroidStudioProjects\GramaVaxi\dataconnect`
 {"metadata":{"emulator":{"name":"dataconnect"},"message":"E0504 16:19:49.137682   41444 watch.go:40] Failed to load config from \"x:\\\\AndroidStudioProjects\\\\GramaVaxi\\\\dataconnect\": could not find dataconnect.yaml in `x:\\AndroidStudioProjects\\GramaVaxi\\dataconnect`\n"}}
[debug] [2026-05-04T10:49:59.140Z] E0504 16:19:59.138003   41444 watch.go:116] watchAllDir unable to walk dir `x:\AndroidStudioProjects\GramaVaxi\dataconnect`: GetFileAttributesEx x:\AndroidStudioProjects\GramaVaxi\dataconnect: The system cannot find the file specified.
 {"metadata":{"emulator":{"name":"dataconnect"},"message":"E0504 16:19:59.138003   41444 watch.go:116] watchAllDir unable to walk dir `x:\\AndroidStudioProjects\\GramaVaxi\\dataconnect`: GetFileAttributesEx x:\\AndroidStudioProjects\\GramaVaxi\\dataconnect: The system cannot find the file specified.\n"}}
[debug] [2026-05-04T10:49:59.145Z] E0504 16:19:59.139510   41444 watch.go:40] Failed to load config from "x:\\AndroidStudioProjects\\GramaVaxi\\dataconnect": could not find dataconnect.yaml in `x:\AndroidStudioProjects\GramaVaxi\dataconnect`
 {"metadata":{"emulator":{"name":"dataconnect"},"message":"E0504 16:19:59.139510   41444 watch.go:40] Failed to load config from \"x:\\\\AndroidStudioProjects\\\\GramaVaxi\\\\dataconnect\": could not find dataconnect.yaml in `x:\\AndroidStudioProjects\\GramaVaxi\\dataconnect`\n"}}
[debug] [2026-05-04T10:50:09.137Z] E0504 16:20:09.138052   41444 watch.go:40] Failed to load config from "x:\\AndroidStudioProjects\\GramaVaxi\\dataconnect": could not find dataconnect.yaml in `x:\AndroidStudioProjects\GramaVaxi\dataconnect`
 {"metadata":{"emulator":{"name":"dataconnect"},"message":"E0504 16:20:09.138052   41444 watch.go:40] Failed to load config from \"x:\\\\AndroidStudioProjects\\\\GramaVaxi\\\\dataconnect\": could not find dataconnect.yaml in `x:\\AndroidStudioProjects\\GramaVaxi\\dataconnect`\n"}}
[debug] [2026-05-04T10:50:19.137Z] E0504 16:20:19.137781   41444 watch.go:40] Failed to load config from "x:\\AndroidStudioProjects\\GramaVaxi\\dataconnect": could not find dataconnect.yaml in `x:\AndroidStudioProjects\GramaVaxi\dataconnect`
 {"metadata":{"emulator":{"name":"dataconnect"},"message":"E0504 16:20:19.137781   41444 watch.go:40] Failed to load config from \"x:\\\\AndroidStudioProjects\\\\GramaVaxi\\\\dataconnect\": could not find dataconnect.yaml in `x:\\AndroidStudioProjects\\GramaVaxi\\dataconnect`\n"}}
[debug] [2026-05-04T10:50:29.137Z] E0504 16:20:29.137688   41444 watch.go:40] Failed to load config from "x:\\AndroidStudioProjects\\GramaVaxi\\dataconnect": could not find dataconnect.yaml in `x:\AndroidStudioProjects\GramaVaxi\dataconnect`
 {"metadata":{"emulator":{"name":"dataconnect"},"message":"E0504 16:20:29.137688   41444 watch.go:40] Failed to load config from \"x:\\\\AndroidStudioProjects\\\\GramaVaxi\\\\dataconnect\": could not find dataconnect.yaml in `x:\\AndroidStudioProjects\\GramaVaxi\\dataconnect`\n"}}
[debug] [2026-05-04T10:50:39.137Z] E0504 16:20:39.137747   41444 watch.go:40] Failed to load config from "x:\\AndroidStudioProjects\\GramaVaxi\\dataconnect": could not find dataconnect.yaml in `x:\AndroidStudioProjects\GramaVaxi\dataconnect`
 {"metadata":{"emulator":{"name":"dataconnect"},"message":"E0504 16:20:39.137747   41444 watch.go:40] Failed to load config from \"x:\\\\AndroidStudioProjects\\\\GramaVaxi\\\\dataconnect\": could not find dataconnect.yaml in `x:\\AndroidStudioProjects\\GramaVaxi\\dataconnect`\n"}}
[debug] [2026-05-04T10:50:49.137Z] E0504 16:20:49.137631   41444 watch.go:40] Failed to load config from "x:\\AndroidStudioProjects\\GramaVaxi\\dataconnect": could not find dataconnect.yaml in `x:\AndroidStudioProjects\GramaVaxi\dataconnect`
 {"metadata":{"emulator":{"name":"dataconnect"},"message":"E0504 16:20:49.137631   41444 watch.go:40] Failed to load config from \"x:\\\\AndroidStudioProjects\\\\GramaVaxi\\\\dataconnect\": could not find dataconnect.yaml in `x:\\AndroidStudioProjects\\GramaVaxi\\dataconnect`\n"}}
[debug] [2026-05-04T10:50:59.173Z] E0504 16:20:59.173424   41444 watch.go:40] Failed to load config from "x:\\AndroidStudioProjects\\GramaVaxi\\dataconnect": could not find dataconnect.yaml in `x:\AndroidStudioProjects\GramaVaxi\dataconnect`
 {"metadata":{"emulator":{"name":"dataconnect"},"message":"E0504 16:20:59.173424   41444 watch.go:40] Failed to load config from \"x:\\\\AndroidStudioProjects\\\\GramaVaxi\\\\dataconnect\": could not find dataconnect.yaml in `x:\\AndroidStudioProjects\\GramaVaxi\\dataconnect`\n"}}
[debug] [2026-05-04T10:50:59.174Z] E0504 16:20:59.173929   41444 watch.go:116] watchAllDir unable to walk dir `x:\AndroidStudioProjects\GramaVaxi\dataconnect`: GetFileAttributesEx x:\AndroidStudioProjects\GramaVaxi\dataconnect: The system cannot find the file specified.
 {"metadata":{"emulator":{"name":"dataconnect"},"message":"E0504 16:20:59.173929   41444 watch.go:116] watchAllDir unable to walk dir `x:\\AndroidStudioProjects\\GramaVaxi\\dataconnect`: GetFileAttributesEx x:\\AndroidStudioProjects\\GramaVaxi\\dataconnect: The system cannot find the file specified.\n"}}
[debug] [2026-05-04T10:51:09.138Z] E0504 16:21:09.138005   41444 watch.go:40] Failed to load config from "x:\\AndroidStudioProjects\\GramaVaxi\\dataconnect": could not find dataconnect.yaml in `x:\AndroidStudioProjects\GramaVaxi\dataconnect`
 {"metadata":{"emulator":{"name":"dataconnect"},"message":"E0504 16:21:09.138005   41444 watch.go:40] Failed to load config from \"x:\\\\AndroidStudioProjects\\\\GramaVaxi\\\\dataconnect\": could not find dataconnect.yaml in `x:\\AndroidStudioProjects\\GramaVaxi\\dataconnect`\n"}}
[debug] [2026-05-04T10:51:19.137Z] E0504 16:21:19.137664   41444 watch.go:40] Failed to load config from "x:\\AndroidStudioProjects\\GramaVaxi\\dataconnect": could not find dataconnect.yaml in `x:\AndroidStudioProjects\GramaVaxi\dataconnect`
 {"metadata":{"emulator":{"name":"dataconnect"},"message":"E0504 16:21:19.137664   41444 watch.go:40] Failed to load config from \"x:\\\\AndroidStudioProjects\\\\GramaVaxi\\\\dataconnect\": could not find dataconnect.yaml in `x:\\AndroidStudioProjects\\GramaVaxi\\dataconnect`\n"}}
[debug] [2026-05-04T10:51:29.137Z] E0504 16:21:29.137907   41444 watch.go:40] Failed to load config from "x:\\AndroidStudioProjects\\GramaVaxi\\dataconnect": could not find dataconnect.yaml in `x:\AndroidStudioProjects\GramaVaxi\dataconnect`
 {"metadata":{"emulator":{"name":"dataconnect"},"message":"E0504 16:21:29.137907   41444 watch.go:40] Failed to load config from \"x:\\\\AndroidStudioProjects\\\\GramaVaxi\\\\dataconnect\": could not find dataconnect.yaml in `x:\\AndroidStudioProjects\\GramaVaxi\\dataconnect`\n"}}
[debug] [2026-05-04T10:51:39.137Z] E0504 16:21:39.137799   41444 watch.go:40] Failed to load config from "x:\\AndroidStudioProjects\\GramaVaxi\\dataconnect": could not find dataconnect.yaml in `x:\AndroidStudioProjects\GramaVaxi\dataconnect`
 {"metadata":{"emulator":{"name":"dataconnect"},"message":"E0504 16:21:39.137799   41444 watch.go:40] Failed to load config from \"x:\\\\AndroidStudioProjects\\\\GramaVaxi\\\\dataconnect\": could not find dataconnect.yaml in `x:\\AndroidStudioProjects\\GramaVaxi\\dataconnect`\n"}}
[debug] [2026-05-04T10:51:49.137Z] E0504 16:21:49.137827   41444 watch.go:40] Failed to load config from "x:\\AndroidStudioProjects\\GramaVaxi\\dataconnect": could not find dataconnect.yaml in `x:\AndroidStudioProjects\GramaVaxi\dataconnect`
 {"metadata":{"emulator":{"name":"dataconnect"},"message":"E0504 16:21:49.137827   41444 watch.go:40] Failed to load config from \"x:\\\\AndroidStudioProjects\\\\GramaVaxi\\\\dataconnect\": could not find dataconnect.yaml in `x:\\AndroidStudioProjects\\GramaVaxi\\dataconnect`\n"}}
[debug] [2026-05-04T10:51:59.138Z] E0504 16:21:59.138737   41444 watch.go:40] Failed to load config from "x:\\AndroidStudioProjects\\GramaVaxi\\dataconnect": could not find dataconnect.yaml in `x:\AndroidStudioProjects\GramaVaxi\dataconnect`
 {"metadata":{"emulator":{"name":"dataconnect"},"message":"E0504 16:21:59.138737   41444 watch.go:40] Failed to load config from \"x:\\\\AndroidStudioProjects\\\\GramaVaxi\\\\dataconnect\": could not find dataconnect.yaml in `x:\\AndroidStudioProjects\\GramaVaxi\\dataconnect`\n"}}
[debug] [2026-05-04T10:51:59.140Z] E0504 16:21:59.140250   41444 watch.go:116] watchAllDir unable to walk dir `x:\AndroidStudioProjects\GramaVaxi\dataconnect`: GetFileAttributesEx x:\AndroidStudioProjects\GramaVaxi\dataconnect: The system cannot find the file specified.
 {"metadata":{"emulator":{"name":"dataconnect"},"message":"E0504 16:21:59.140250   41444 watch.go:116] watchAllDir unable to walk dir `x:\\AndroidStudioProjects\\GramaVaxi\\dataconnect`: GetFileAttributesEx x:\\AndroidStudioProjects\\GramaVaxi\\dataconnect: The system cannot find the file specified.\n"}}
[debug] [2026-05-04T10:52:09.138Z] E0504 16:22:09.138143   41444 watch.go:40] Failed to load config from "x:\\AndroidStudioProjects\\GramaVaxi\\dataconnect": could not find dataconnect.yaml in `x:\AndroidStudioProjects\GramaVaxi\dataconnect`
 {"metadata":{"emulator":{"name":"dataconnect"},"message":"E0504 16:22:09.138143   41444 watch.go:40] Failed to load config from \"x:\\\\AndroidStudioProjects\\\\GramaVaxi\\\\dataconnect\": could not find dataconnect.yaml in `x:\\AndroidStudioProjects\\GramaVaxi\\dataconnect`\n"}}
[debug] [2026-05-04T10:52:19.137Z] E0504 16:22:19.137702   41444 watch.go:40] Failed to load config from "x:\\AndroidStudioProjects\\GramaVaxi\\dataconnect": could not find dataconnect.yaml in `x:\AndroidStudioProjects\GramaVaxi\dataconnect`
 {"metadata":{"emulator":{"name":"dataconnect"},"message":"E0504 16:22:19.137702   41444 watch.go:40] Failed to load config from \"x:\\\\AndroidStudioProjects\\\\GramaVaxi\\\\dataconnect\": could not find dataconnect.yaml in `x:\\AndroidStudioProjects\\GramaVaxi\\dataconnect`\n"}}
[debug] [2026-05-04T10:52:29.138Z] E0504 16:22:29.138551   41444 watch.go:40] Failed to load config from "x:\\AndroidStudioProjects\\GramaVaxi\\dataconnect": could not find dataconnect.yaml in `x:\AndroidStudioProjects\GramaVaxi\dataconnect`
 {"metadata":{"emulator":{"name":"dataconnect"},"message":"E0504 16:22:29.138551   41444 watch.go:40] Failed to load config from \"x:\\\\AndroidStudioProjects\\\\GramaVaxi\\\\dataconnect\": could not find dataconnect.yaml in `x:\\AndroidStudioProjects\\GramaVaxi\\dataconnect`\n"}}
[debug] [2026-05-04T10:52:39.137Z] E0504 16:22:39.137819   41444 watch.go:40] Failed to load config from "x:\\AndroidStudioProjects\\GramaVaxi\\dataconnect": could not find dataconnect.yaml in `x:\AndroidStudioProjects\GramaVaxi\dataconnect`
 {"metadata":{"emulator":{"name":"dataconnect"},"message":"E0504 16:22:39.137819   41444 watch.go:40] Failed to load config from \"x:\\\\AndroidStudioProjects\\\\GramaVaxi\\\\dataconnect\": could not find dataconnect.yaml in `x:\\AndroidStudioProjects\\GramaVaxi\\dataconnect`\n"}}
